2024-09-14 08:34:08,606 - httpx - INFO - HTTP Request: GET http://testserver/health "HTTP/1.1 200 OK"
2024-09-14 08:34:09,767 - httpx - INFO - HTTP Request: GET http://testserver/api/image "HTTP/1.1 200 OK"
2024-09-14 08:34:10,769 - httpx - INFO - HTTP Request: GET http://testserver/api/image-with-color "HTTP/1.1 200 OK"
2024-09-14 08:34:10,773 - app.services.color_service - ERROR - Error in get_main_color: '_io.BytesIO' object has no attribute 'astype'
2024-09-14 08:34:10,774 - httpx - INFO - HTTP Request: POST http://testserver/api/upload-image "HTTP/1.1 500 Internal Server Error"
2024-09-14 08:39:59,942 - httpx - INFO - HTTP Request: GET http://testserver/health "HTTP/1.1 200 OK"
2024-09-14 08:40:01,119 - httpx - INFO - HTTP Request: GET http://testserver/api/image "HTTP/1.1 200 OK"
2024-09-14 08:40:02,335 - httpx - INFO - HTTP Request: GET http://testserver/api/image-with-color "HTTP/1.1 200 OK"
2024-09-14 08:40:02,338 - httpx - INFO - HTTP Request: POST http://testserver/api/upload-image "HTTP/1.1 200 OK"
2024-09-14 08:41:13,726 - httpx - INFO - HTTP Request: GET http://testserver/health "HTTP/1.1 200 OK"
2024-09-14 08:41:15,010 - httpx - INFO - HTTP Request: GET http://testserver/api/image "HTTP/1.1 200 OK"
2024-09-14 08:41:16,206 - httpx - INFO - HTTP Request: GET http://testserver/api/image-with-color "HTTP/1.1 200 OK"
2024-09-14 08:41:16,210 - httpx - INFO - HTTP Request: POST http://testserver/api/upload-image "HTTP/1.1 200 OK"
2024-09-14 08:44:21,579 - httpx - INFO - HTTP Request: GET http://testserver/health "HTTP/1.1 200 OK"
2024-09-14 08:44:22,745 - httpx - INFO - HTTP Request: GET http://testserver/api/image "HTTP/1.1 200 OK"
2024-09-14 08:44:24,185 - httpx - INFO - HTTP Request: GET http://testserver/api/image-with-color "HTTP/1.1 200 OK"
2024-09-14 08:44:24,188 - httpx - INFO - HTTP Request: POST http://testserver/api/upload-image "HTTP/1.1 200 OK"
2024-09-14 09:29:34,671 - httpx - INFO - HTTP Request: GET http://testserver/health "HTTP/1.1 200 OK"
2024-09-14 09:29:35,822 - httpx - INFO - HTTP Request: GET http://testserver/api/image "HTTP/1.1 200 OK"
2024-09-14 09:29:37,054 - httpx - INFO - HTTP Request: GET http://testserver/api/image-with-color "HTTP/1.1 200 OK"
2024-09-14 09:29:37,057 - httpx - INFO - HTTP Request: POST http://testserver/api/upload-image "HTTP/1.1 200 OK"
